
> dashboard@0.1.0 build
> next build

 ⚠ outputFileTracingRoot should be absolute, using: /home/aigov/governapi-restored
   ▲ Next.js 15.5.2
   - Environments: .env.local

   Creating an optimized production build ...
 ⚠ Compiled with warnings in 15.4s

./src/app/api/analyze-request/route.ts
Attempted import error: 'AuthService' is not exported from '../../../services/auth' (imported as 'AuthService').

Import trace for requested module:
./src/app/api/analyze-request/route.ts

./src/app/api/billing/create-checkout-session/route.ts
Attempted import error: 'AuthService' is not exported from '../../../../services/auth' (imported as 'AuthService').

Import trace for requested module:
./src/app/api/billing/create-checkout-session/route.ts

./src/app/api/customer/alerts/route.ts
Attempted import error: 'AuthService' is not exported from '../../../../services/auth' (imported as 'AuthService').

Import trace for requested module:
./src/app/api/customer/alerts/route.ts

./src/app/api/customer/api-endpoints/route.ts
Attempted import error: 'AuthService' is not exported from '../../../../services/auth' (imported as 'AuthService').

Import trace for requested module:
./src/app/api/customer/api-endpoints/route.ts

./src/app/api/customer/api-endpoints/route.ts
Attempted import error: 'AuthService' is not exported from '../../../../services/auth' (imported as 'AuthService').

Import trace for requested module:
./src/app/api/customer/api-endpoints/route.ts

./src/app/api/customer/auth/route.ts
Attempted import error: 'AuthService' is not exported from '../../../../services/auth' (imported as 'AuthService').

Import trace for requested module:
./src/app/api/customer/auth/route.ts

./src/app/api/customer/bot-detection/route.ts
Attempted import error: 'AuthService' is not exported from '../../../../services/auth' (imported as 'AuthService').

Import trace for requested module:
./src/app/api/customer/bot-detection/route.ts

./src/app/api/customer/compliance-report/route.ts
Attempted import error: 'AuthService' is not exported from '../../../../services/auth' (imported as 'AuthService').

Import trace for requested module:
./src/app/api/customer/compliance-report/route.ts

./src/app/api/customer/compliance/route.ts
Attempted import error: 'AuthService' is not exported from '../../../../services/auth' (imported as 'AuthService').

Import trace for requested module:
./src/app/api/customer/compliance/route.ts

./src/app/api/customer/custom-rules/route.ts
Attempted import error: 'AuthService' is not exported from '../../../../services/auth' (imported as 'AuthService').

Import trace for requested module:
./src/app/api/customer/custom-rules/route.ts

./src/app/api/customer/custom-rules/route.ts
Attempted import error: 'AuthService' is not exported from '../../../../services/auth' (imported as 'AuthService').

Import trace for requested module:
./src/app/api/customer/custom-rules/route.ts

./src/app/api/customer/dashboard/route.ts
Attempted import error: 'AuthService' is not exported from '../../../../services/auth' (imported as 'AuthService').

Import trace for requested module:
./src/app/api/customer/dashboard/route.ts

./src/app/api/customer/data-export/route.ts
Attempted import error: 'AuthService' is not exported from '../../../../services/auth' (imported as 'AuthService').

Import trace for requested module:
./src/app/api/customer/data-export/route.ts

./src/app/api/customer/enterprise-settings/route.ts
Attempted import error: 'AuthService' is not exported from '../../../../services/auth' (imported as 'AuthService').

Import trace for requested module:
./src/app/api/customer/enterprise-settings/route.ts

./src/app/api/customer/enterprise-settings/route.ts
Attempted import error: 'AuthService' is not exported from '../../../../services/auth' (imported as 'AuthService').

Import trace for requested module:
./src/app/api/customer/enterprise-settings/route.ts

./src/app/api/customer/keys/route.ts
Attempted import error: 'AuthService' is not exported from '../../../../services/auth' (imported as 'AuthService').

Import trace for requested module:
./src/app/api/customer/keys/route.ts

./src/app/api/customer/keys/route.ts
Attempted import error: 'AuthService' is not exported from '../../../../services/auth' (imported as 'AuthService').

Import trace for requested module:
./src/app/api/customer/keys/route.ts

./src/app/api/customer/performance/route.ts
Attempted import error: 'AuthService' is not exported from '../../../../services/auth' (imported as 'AuthService').

Import trace for requested module:
./src/app/api/customer/performance/route.ts

./src/app/api/customer/rate-limits/route.ts
Attempted import error: 'AuthService' is not exported from '../../../../services/auth' (imported as 'AuthService').

Import trace for requested module:
./src/app/api/customer/rate-limits/route.ts

./src/app/api/customer/scheduled-scans/route.ts
Attempted import error: 'AuthService' is not exported from '../../../../services/auth' (imported as 'AuthService').

Import trace for requested module:
./src/app/api/customer/scheduled-scans/route.ts

./src/app/api/customer/security-scans/route.ts
Attempted import error: 'AuthService' is not exported from '../../../../services/auth' (imported as 'AuthService').

Import trace for requested module:
./src/app/api/customer/security-scans/route.ts

./src/app/api/customer/security-scans/route.ts
Attempted import error: 'AuthService' is not exported from '../../../../services/auth' (imported as 'AuthService').

Import trace for requested module:
./src/app/api/customer/security-scans/route.ts

./src/app/api/customer/threat-blocking/route.ts
Attempted import error: 'AuthService' is not exported from '../../../../services/auth' (imported as 'AuthService').

Import trace for requested module:
./src/app/api/customer/threat-blocking/route.ts

./src/app/api/customer/threat-trends/route.ts
Attempted import error: 'AuthService' is not exported from '../../../../services/auth' (imported as 'AuthService').

Import trace for requested module:
./src/app/api/customer/threat-trends/route.ts

./src/app/api/customer/vulnerabilities/route.ts
Attempted import error: 'AuthService' is not exported from '../../../../services/auth' (imported as 'AuthService').

Import trace for requested module:
./src/app/api/customer/vulnerabilities/route.ts

./src/app/api/customer/webhooks/route.ts
Attempted import error: 'AuthService' is not exported from '../../../../services/auth' (imported as 'AuthService').

Import trace for requested module:
./src/app/api/customer/webhooks/route.ts

./src/app/api/customer/webhooks/route.ts
Attempted import error: 'AuthService' is not exported from '../../../../services/auth' (imported as 'AuthService').

Import trace for requested module:
./src/app/api/customer/webhooks/route.ts


warn - The `content` option in your Tailwind CSS configuration is missing or empty.
warn - Configure your content sources or your generated CSS will be missing styles.
warn - https://tailwindcss.com/docs/content-configuration
 ✓ Compiled successfully in 34.2s
   Linting and checking validity of types ...
 ⨯ ESLint: Failed to load plugin '@next/next' declared in ' » eslint-config-next/core-web-vitals » /home/aigov/governapi-restored/node_modules/eslint-config-next/index.js': Cannot find module '@next/eslint-plugin-next' Require stack: - /home/aigov/governapi-restored/apps/dashboard/__placeholder__.js Referenced from: /home/aigov/governapi-restored/node_modules/eslint-config-next/index.js
Failed to compile.

src/app/api/admin/customers/[id]/route.ts
Type error: Route "src/app/api/admin/customers/[id]/route.ts" has an invalid "GET" export:
  Type "{ params: { id: string; }; }" is not a valid type for the function's second argument.

Next.js build worker exited with code: 1 and signal: null
npm error Lifecycle script `build` failed with error:
npm error code 1
npm error path /home/aigov/governapi-restored/apps/dashboard
npm error workspace dashboard@0.1.0
npm error location /home/aigov/governapi-restored/apps/dashboard
npm error command failed
npm error command sh -c next build
