
> dashboard@0.1.0 build
> next build

 ⚠ outputFileTracingRoot should be absolute, using: /home/aigov/governapi-restored
   ▲ Next.js 15.5.2
   - Environments: .env.local

   Creating an optimized production build ...
 ✓ Compiled successfully in 17.6s
   Linting and checking validity of types ...
 ⨯ ESLint: Failed to load plugin '@next/next' declared in ' » eslint-config-next/core-web-vitals » /home/aigov/governapi-restored/node_modules/eslint-config-next/index.js': Cannot find module '@next/eslint-plugin-next' Require stack: - /home/aigov/governapi-restored/apps/dashboard/__placeholder__.js Referenced from: /home/aigov/governapi-restored/node_modules/eslint-config-next/index.js
Failed to compile.

src/app/api/admin/customers/[id]/route.ts
Type error: Route "src/app/api/admin/customers/[id]/route.ts" has an invalid "GET" export:
  Type "{ params: { id: string; }; }" is not a valid type for the function's second argument.

Next.js build worker exited with code: 1 and signal: null
npm error Lifecycle script `build` failed with error:
npm error code 1
npm error path /home/aigov/governapi-restored/apps/dashboard
npm error workspace dashboard@0.1.0
npm error location /home/aigov/governapi-restored/apps/dashboard
npm error command failed
npm error command sh -c next build
