
> dashboard@0.1.0 build
> next build

 ⚠ outputFileTracingRoot should be absolute, using: /home/aigov/governapi-restored
   ▲ Next.js 15.5.2
   - Environments: .env.local

   Creating an optimized production build ...
 ✓ Compiled successfully in 18.2s
   Linting and checking validity of types ...

Failed to compile.

./src/app/admin/customers/[id]/page.tsx
4:72  Warning: 'Modal' is defined but never used.  @typescript-eslint/no-unused-vars
4:79  Warning: 'Form' is defined but never used.  @typescript-eslint/no-unused-vars
4:85  Warning: 'Input' is defined but never used.  @typescript-eslint/no-unused-vars
4:92  Warning: 'Select' is defined but never used.  @typescript-eslint/no-unused-vars
4:100  Warning: 'Switch' is defined but never used.  @typescript-eslint/no-unused-vars
5:74  Warning: 'SettingOutlined' is defined but never used.  @typescript-eslint/no-unused-vars
13:10  Warning: 'editModalVisible' is assigned a value but never used.  @typescript-eslint/no-unused-vars
19:6  Warning: React Hook useEffect has a missing dependency: 'loadCustomerDetail'. Either include it or remove the dependency array.  react-hooks/exhaustive-deps
31:14  Warning: 'error' is defined but never used.  @typescript-eslint/no-unused-vars

./src/app/admin/login/page.tsx
30:14  Warning: 'error' is defined but never used.  @typescript-eslint/no-unused-vars

./src/app/api/admin/analytics/route.ts
27:53  Error: Unexpected any. Specify a different type.  @typescript-eslint/no-explicit-any

./src/app/api/admin/api-keys/route.ts
4:27  Warning: 'request' is defined but never used.  @typescript-eslint/no-unused-vars

./src/app/api/admin/billing/route.ts
7:27  Warning: 'request' is defined but never used.  @typescript-eslint/no-unused-vars
12:36  Warning: 'invoiceError' is assigned a value but never used.  @typescript-eslint/no-unused-vars
18:37  Warning: 'customerError' is assigned a value but never used.  @typescript-eslint/no-unused-vars

./src/app/api/admin/customers/[id]/route.ts
23:12  Warning: 'error' is defined but never used.  @typescript-eslint/no-unused-vars

./src/app/api/admin/customers/route.ts
3:27  Warning: 'request' is defined but never used.  @typescript-eslint/no-unused-vars
60:12  Warning: 'error' is defined but never used.  @typescript-eslint/no-unused-vars

./src/app/api/admin/overview/route.ts
28:36  Warning: 'requestsError' is assigned a value but never used.  @typescript-eslint/no-unused-vars
35:35  Warning: 'threatsError' is assigned a value but never used.  @typescript-eslint/no-unused-vars

./src/app/api/admin/revenue-analytics/route.ts
71:13  Warning: 'daysSinceStart' is assigned a value but never used.  @typescript-eslint/no-unused-vars

./src/app/api/admin/settings/route.ts
21:27  Warning: 'request' is defined but never used.  @typescript-eslint/no-unused-vars

./src/app/api/analytics/compliance/route.ts
1:10  Warning: 'NextRequest' is defined but never used.  @typescript-eslint/no-unused-vars

./src/app/api/analytics/costs/route.ts
4:27  Warning: 'req' is defined but never used.  @typescript-eslint/no-unused-vars
7:19  Warning: 'apis' is assigned a value but never used.  @typescript-eslint/no-unused-vars

./src/app/api/analytics/threats/route.ts
1:10  Warning: 'NextRequest' is defined but never used.  @typescript-eslint/no-unused-vars

./src/app/api/analyze-request/route.ts
222:27  Warning: 'request' is defined but never used.  @typescript-eslint/no-unused-vars

./src/app/api/apis/route.ts
30:12  Warning: 'error' is defined but never used.  @typescript-eslint/no-unused-vars
59:12  Warning: 'error' is defined but never used.  @typescript-eslint/no-unused-vars

./src/app/api/auth/customer/logout/route.ts
3:28  Warning: 'request' is defined but never used.  @typescript-eslint/no-unused-vars

./src/app/api/auth/customer/register/route.ts
6:20  Warning: 'password' is assigned a value but never used.  @typescript-eslint/no-unused-vars

./src/app/api/compliance/reports/route.ts
6:24  Warning: 'format' is assigned a value but never used.  @typescript-eslint/no-unused-vars

./src/app/api/customer/compliance-report/route.ts
44:12  Warning: 'error' is defined but never used.  @typescript-eslint/no-unused-vars

./src/app/api/customer/enterprise-settings/route.ts
107:13  Warning: 'data' is assigned a value but never used.  @typescript-eslint/no-unused-vars

./src/app/api/customer/keys/route.ts
41:7  Warning: 'newKey' is assigned a value but never used.  @typescript-eslint/no-unused-vars
42:14  Warning: 'dbError' is defined but never used.  @typescript-eslint/no-unused-vars

./src/app/api/customer/performance/route.ts
4:10  Warning: 'realPerformanceMonitor' is defined but never used.  @typescript-eslint/no-unused-vars

./src/app/api/customer/security-scans/route.ts
73:17  Warning: 'data' is assigned a value but never used.  @typescript-eslint/no-unused-vars
73:23  Warning: 'error' is assigned a value but never used.  @typescript-eslint/no-unused-vars

./src/app/api/customer/threat-trends/route.ts
37:11  Warning: 'requestData' is assigned a value but never used.  @typescript-eslint/no-unused-vars

./src/app/api/customer/webhooks/route.ts
45:14  Warning: 'dbError' is defined but never used.  @typescript-eslint/no-unused-vars
94:14  Warning: 'dbError' is defined but never used.  @typescript-eslint/no-unused-vars

./src/app/api/discovery/route.ts
66:14  Warning: 'error' is defined but never used.  @typescript-eslint/no-unused-vars
91:14  Warning: 'error' is defined but never used.  @typescript-eslint/no-unused-vars
95:9  Error: 'discovered' is never reassigned. Use 'const' instead.  prefer-const

./src/app/api/import/openapi/route.ts
16:65  Error: Unexpected any. Specify a different type.  @typescript-eslint/no-explicit-any

./src/app/api/middleware/route.ts
48:48  Error: Unexpected any. Specify a different type.  @typescript-eslint/no-explicit-any
93:44  Error: Unexpected any. Specify a different type.  @typescript-eslint/no-explicit-any

./src/app/api/notifications/monitor/route.ts
3:59  Error: Unexpected any. Specify a different type.  @typescript-eslint/no-explicit-any

./src/app/api/notifications/route.ts
3:11  Warning: 'AlertConfig' is defined but never used.  @typescript-eslint/no-unused-vars

./src/app/api/policies/route.ts
29:12  Warning: 'error' is defined but never used.  @typescript-eslint/no-unused-vars
58:12  Warning: 'error' is defined but never used.  @typescript-eslint/no-unused-vars

./src/app/api/reports/generate/route.ts
12:11  Warning: 'webhookConfigs' is assigned a value but never used.  @typescript-eslint/no-unused-vars
78:47  Error: Unexpected any. Specify a different type.  @typescript-eslint/no-explicit-any

./src/app/api/reports/route.ts
38:12  Warning: 'error' is defined but never used.  @typescript-eslint/no-unused-vars
59:12  Warning: 'error' is defined but never used.  @typescript-eslint/no-unused-vars

./src/app/api/scans/route.ts
16:40  Error: Unexpected any. Specify a different type.  @typescript-eslint/no-explicit-any

./src/app/api/security-scan/route.ts
276:14  Warning: 'e' is defined but never used.  @typescript-eslint/no-unused-vars
334:49  Warning: 'headers' is defined but never used.  @typescript-eslint/no-unused-vars
358:7  Error: 'vulnerable' is never reassigned. Use 'const' instead.  prefer-const
407:20  Warning: 'error' is defined but never used.  @typescript-eslint/no-unused-vars
419:14  Warning: 'error' is defined but never used.  @typescript-eslint/no-unused-vars
463:14  Warning: 'e' is defined but never used.  @typescript-eslint/no-unused-vars
518:14  Warning: 'error' is defined but never used.  @typescript-eslint/no-unused-vars

./src/app/api/security-scan/webhook-integration.js
2:16  Warning: 'triggerWebhooks' is defined but never used.  @typescript-eslint/no-unused-vars

./src/app/api/security-scan-results/route.ts
1:10  Warning: 'NextRequest' is defined but never used.  @typescript-eslint/no-unused-vars

./src/app/api/stripe/revenue/route.ts
8:27  Warning: 'request' is defined but never used.  @typescript-eslint/no-unused-vars

./src/app/api/violations/[id]/route.ts
22:12  Warning: 'error' is defined but never used.  @typescript-eslint/no-unused-vars
42:12  Warning: 'error' is defined but never used.  @typescript-eslint/no-unused-vars

./src/app/api/webhooks/trigger/route.ts
3:37  Error: Unexpected any. Specify a different type.  @typescript-eslint/no-explicit-any
3:51  Error: Unexpected any. Specify a different type.  @typescript-eslint/no-explicit-any

./src/app/blog/api-security-trends-2025/page.tsx
8:27  Warning: 'Text' is assigned a value but never used.  @typescript-eslint/no-unused-vars
83:79  Error: `"` can be escaped with `&quot;`, `&ldquo;`, `&#34;`, `&rdquo;`.  react/no-unescaped-entities
83:91  Error: `"` can be escaped with `&quot;`, `&ldquo;`, `&#34;`, `&rdquo;`.  react/no-unescaped-entities

./src/app/blog/page.tsx
8:27  Warning: 'Text' is assigned a value but never used.  @typescript-eslint/no-unused-vars
125:39  Error: `'` can be escaped with `&apos;`, `&lsquo;`, `&#39;`, `&rsquo;`.  react/no-unescaped-entities

./src/app/customer/dashboard/page.tsx
5:10  Warning: 'LoadingOutlined' is defined but never used.  @typescript-eslint/no-unused-vars
77:6  Warning: React Hook useEffect has a missing dependency: 'checkAuth'. Either include it or remove the dependency array.  react-hooks/exhaustive-deps

./src/app/customer/login/page.tsx
14:38  Error: Unexpected any. Specify a different type.  @typescript-eslint/no-explicit-any
39:41  Error: Unexpected any. Specify a different type.  @typescript-eslint/no-explicit-any

./src/app/customer-simple/page.tsx
5:23  Warning: 'UserOutlined' is defined but never used.  @typescript-eslint/no-unused-vars

./src/app/dashboard/actions.ts
3:44  Error: Unexpected any. Specify a different type.  @typescript-eslint/no-explicit-any
23:50  Error: Unexpected any. Specify a different type.  @typescript-eslint/no-explicit-any
54:12  Warning: 'error' is defined but never used.  @typescript-eslint/no-unused-vars

./src/app/dashboard/components/APIDiscovery.tsx
70:14  Warning: 'error' is defined but never used.  @typescript-eslint/no-unused-vars

./src/app/dashboard/components/AddAPIModal.tsx
7:39  Error: Unexpected any. Specify a different type.  @typescript-eslint/no-explicit-any
12:14  Warning: 'error' is defined but never used.  @typescript-eslint/no-unused-vars

./src/app/dashboard/components/AlertConfiguration.tsx
41:14  Warning: 'error' is defined but never used.  @typescript-eslint/no-unused-vars
59:14  Warning: 'error' is defined but never used.  @typescript-eslint/no-unused-vars

./src/app/dashboard/components/ComplianceDashboard.tsx
2:68  Warning: 'Tag' is defined but never used.  @typescript-eslint/no-unused-vars
3:10  Warning: 'FileTextOutlined' is defined but never used.  @typescript-eslint/no-unused-vars
3:46  Warning: 'CheckCircleOutlined' is defined but never used.  @typescript-eslint/no-unused-vars
38:14  Warning: 'error' is defined but never used.  @typescript-eslint/no-unused-vars

./src/app/dashboard/components/CreatePolicyModal.tsx
7:39  Error: Unexpected any. Specify a different type.  @typescript-eslint/no-explicit-any
12:14  Warning: 'error' is defined but never used.  @typescript-eslint/no-unused-vars

./src/app/dashboard/components/ImportMenu.tsx
24:14  Warning: 'error' is defined but never used.  @typescript-eslint/no-unused-vars

./src/app/dashboard/components/Overview.tsx
15:4  Error: Unexpected any. Specify a different type.  @typescript-eslint/no-explicit-any
62:47  Error: Unexpected any. Specify a different type.  @typescript-eslint/no-explicit-any
164:45  Error: Unexpected any. Specify a different type.  @typescript-eslint/no-explicit-any

./src/app/dashboard/components/PolicyManagement.tsx
3:64  Warning: 'Progress' is defined but never used.  @typescript-eslint/no-unused-vars

./src/app/dashboard/components/RealComplianceDashboard.tsx
18:6  Warning: React Hook useEffect has a missing dependency: 'calculateRealCompliance'. Either include it or remove the dependency array.  react-hooks/exhaustive-deps
41:13  Warning: 'highVulns' is assigned a value but never used.  @typescript-eslint/no-unused-vars
196:68  Warning: 'missingHeaders' is defined but never used.  @typescript-eslint/no-unused-vars

./src/app/dashboard/components/RealMetrics.tsx
3:47  Warning: 'DollarOutlined' is defined but never used.  @typescript-eslint/no-unused-vars

./src/app/dashboard/components/RealTimeMetrics.tsx
5:45  Warning: 'DollarOutlined' is defined but never used.  @typescript-eslint/no-unused-vars

./src/app/dashboard/components/RiskAssessment.tsx
53:9  Warning: 'getSeverityType' is assigned a value but never used.  @typescript-eslint/no-unused-vars

./src/app/dashboard/components/SecurityScanResults.tsx
3:42  Warning: 'Progress' is defined but never used.  @typescript-eslint/no-unused-vars

./src/app/dashboard/components/SlackIntegration.tsx
11:47  Error: Unexpected any. Specify a different type.  @typescript-eslint/no-explicit-any
29:14  Warning: 'error' is defined but never used.  @typescript-eslint/no-unused-vars
42:28  Error: `"` can be escaped with `&quot;`, `&ldquo;`, `&#34;`, `&rdquo;`.  react/no-unescaped-entities
42:46  Error: `"` can be escaped with `&quot;`, `&ldquo;`, `&#34;`, `&rdquo;`.  react/no-unescaped-entities

./src/app/dashboard/components/WebhookIntegration.tsx
3:52  Warning: 'Switch' is defined but never used.  @typescript-eslint/no-unused-vars
41:14  Warning: 'error' is defined but never used.  @typescript-eslint/no-unused-vars
47:30  Warning: 'webhook' is defined but never used.  @typescript-eslint/no-unused-vars
69:14  Warning: 'error' is defined but never used.  @typescript-eslint/no-unused-vars

./src/app/dashboard/page.tsx
4:61  Warning: 'Statistic' is defined but never used.  @typescript-eslint/no-unused-vars
4:72  Warning: 'Progress' is defined but never used.  @typescript-eslint/no-unused-vars
37:9  Warning: 'router' is assigned a value but never used.  @typescript-eslint/no-unused-vars
47:39  Warning: 'type' is defined but never used.  @typescript-eslint/no-unused-vars
51:14  Warning: 'error' is defined but never used.  @typescript-eslint/no-unused-vars
83:14  Warning: 'error' is defined but never used.  @typescript-eslint/no-unused-vars

./src/app/dashboard/scan-handler.ts
3:48  Error: Unexpected any. Specify a different type.  @typescript-eslint/no-explicit-any
23:19  Error: Unexpected any. Specify a different type.  @typescript-eslint/no-explicit-any

./src/app/dashboard/scan-modal.tsx
8:22  Error: Unexpected any. Specify a different type.  @typescript-eslint/no-explicit-any

./src/app/dashboard/scanner-integration.tsx
6:48  Error: Unexpected any. Specify a different type.  @typescript-eslint/no-explicit-any
32:19  Error: Unexpected any. Specify a different type.  @typescript-eslint/no-explicit-any

./src/app/debug/page.tsx
5:10  Warning: 'KeyOutlined' is defined but never used.  @typescript-eslint/no-unused-vars
7:16  Warning: 'Text' is assigned a value but never used.  @typescript-eslint/no-unused-vars

./src/app/login/page.tsx
12:49  Error: Unexpected any. Specify a different type.  @typescript-eslint/no-explicit-any

./src/app/pricing/page.tsx
4:54  Warning: 'Space' is defined but never used.  @typescript-eslint/no-unused-vars
90:56  Error: `'` can be escaped with `&apos;`, `&lsquo;`, `&#39;`, `&rsquo;`.  react/no-unescaped-entities

./src/app/revenue/route.ts
8:27  Warning: 'request' is defined but never used.  @typescript-eslint/no-unused-vars

./src/app/terms/page.tsx
38:46  Error: `'` can be escaped with `&apos;`, `&lsquo;`, `&#39;`, `&rsquo;`.  react/no-unescaped-entities
78:84  Error: `'` can be escaped with `&apos;`, `&lsquo;`, `&#39;`, `&rsquo;`.  react/no-unescaped-entities

./src/components/admin/APIKeyManagementContent.tsx
4:31  Warning: 'Space' is defined but never used.  @typescript-eslint/no-unused-vars
5:10  Warning: 'KeyOutlined' is defined but never used.  @typescript-eslint/no-unused-vars

./src/components/admin/AdminDashboardContent.tsx
6:33  Warning: 'ApiOutlined' is defined but never used.  @typescript-eslint/no-unused-vars

./src/components/admin/AdminLayout.tsx
8:17  Warning: 'SearchOutlined' is defined but never used.  @typescript-eslint/no-unused-vars
8:33  Warning: 'GlobalOutlined' is defined but never used.  @typescript-eslint/no-unused-vars

./src/components/admin/BillingOverviewContent.tsx
5:26  Warning: 'CreditCardOutlined' is defined but never used.  @typescript-eslint/no-unused-vars

./src/components/admin/BlockedUsersContent.tsx
5:10  Warning: 'SecurityScanOutlined' is defined but never used.  @typescript-eslint/no-unused-vars
9:9  Warning: 'Search' is assigned a value but never used.  @typescript-eslint/no-unused-vars
50:18  Warning: 'error' is defined but never used.  @typescript-eslint/no-unused-vars

./src/components/admin/CustomerManagementContent.tsx
5:31  Warning: 'Space' is defined but never used.  @typescript-eslint/no-unused-vars
5:53  Warning: 'Modal' is defined but never used.  @typescript-eslint/no-unused-vars
5:60  Warning: 'Form' is defined but never used.  @typescript-eslint/no-unused-vars
9:45  Warning: 'PlayCircleOutlined' is defined but never used.  @typescript-eslint/no-unused-vars
10:3  Warning: 'DeleteOutlined' is defined but never used.  @typescript-eslint/no-unused-vars
10:19  Warning: 'EyeOutlined' is defined but never used.  @typescript-eslint/no-unused-vars
10:46  Warning: 'ExportOutlined' is defined but never used.  @typescript-eslint/no-unused-vars
10:62  Warning: 'PlusOutlined' is defined but never used.  @typescript-eslint/no-unused-vars
11:3  Warning: 'DollarOutlined' is defined but never used.  @typescript-eslint/no-unused-vars
16:9  Warning: 'Option' is assigned a value but never used.  @typescript-eslint/no-unused-vars
31:6  Warning: React Hook useEffect has a missing dependency: 'filterCustomers'. Either include it or remove the dependency array.  react-hooks/exhaustive-deps
84:18  Warning: 'error' is defined but never used.  @typescript-eslint/no-unused-vars

./src/components/admin/SystemSettingsContent.tsx
4:22  Warning: 'Input' is defined but never used.  @typescript-eslint/no-unused-vars
28:14  Warning: 'error' is defined but never used.  @typescript-eslint/no-unused-vars

./src/components/customer/pages/APIDiscovery.tsx
11:17  Error: Unexpected any. Specify a different type.  @typescript-eslint/no-explicit-any
24:13  Warning: 'response' is assigned a value but never used.  @typescript-eslint/no-unused-vars
168:24  Warning: '_' is defined but never used.  @typescript-eslint/no-unused-vars
168:27  Warning: 'record' is defined but never used.  @typescript-eslint/no-unused-vars

./src/components/customer/pages/APIManagement.tsx
10:12  Error: Unexpected any. Specify a different type.  @typescript-eslint/no-explicit-any
11:17  Error: Unexpected any. Specify a different type.  @typescript-eslint/no-explicit-any

./src/components/customer/pages/AnalyticsInsights.tsx
11:17  Error: Unexpected any. Specify a different type.  @typescript-eslint/no-explicit-any

./src/components/customer/pages/BillingSubscription.tsx
4:81  Warning: 'Input' is defined but never used.  @typescript-eslint/no-unused-vars
5:10  Warning: 'CreditCardOutlined' is defined but never used.  @typescript-eslint/no-unused-vars
5:67  Warning: 'ExclamationCircleOutlined' is defined but never used.  @typescript-eslint/no-unused-vars
31:32  Warning: 'values' is defined but never used.  @typescript-eslint/no-unused-vars
37:14  Warning: 'error' is defined but never used.  @typescript-eslint/no-unused-vars

./src/components/customer/pages/BotProtection.tsx
7:16  Warning: 'Text' is assigned a value but never used.  @typescript-eslint/no-unused-vars
10:14  Error: Unexpected any. Specify a different type.  @typescript-eslint/no-explicit-any

./src/components/customer/pages/ComplianceHub.tsx
12:22  Error: Unexpected any. Specify a different type.  @typescript-eslint/no-explicit-any
72:39  Warning: 'values' is defined but never used.  @typescript-eslint/no-unused-vars
256:24  Warning: '_' is defined but never used.  @typescript-eslint/no-unused-vars
256:27  Warning: 'record' is defined but never used.  @typescript-eslint/no-unused-vars

./src/components/customer/pages/CustomRulesEngine.tsx
4:105  Warning: 'Progress' is defined but never used.  @typescript-eslint/no-unused-vars
12:16  Error: Unexpected any. Specify a different type.  @typescript-eslint/no-explicit-any

./src/components/customer/pages/DataManagement.tsx
4:68  Warning: 'Input' is defined but never used.  @typescript-eslint/no-unused-vars
20:31  Warning: 'values' is defined but never used.  @typescript-eslint/no-unused-vars
26:14  Warning: 'error' is defined but never used.  @typescript-eslint/no-unused-vars
67:16  Warning: '_' is defined but never used.  @typescript-eslint/no-unused-vars
67:19  Warning: 'record' is defined but never used.  @typescript-eslint/no-unused-vars

./src/components/customer/pages/EnterpriseSettings.tsx
4:75  Warning: 'Divider' is defined but never used.  @typescript-eslint/no-unused-vars
5:10  Warning: 'SettingOutlined' is defined but never used.  @typescript-eslint/no-unused-vars
5:57  Warning: 'DatabaseOutlined' is defined but never used.  @typescript-eslint/no-unused-vars
5:75  Warning: 'GlobalOutlined' is defined but never used.  @typescript-eslint/no-unused-vars
13:13  Error: Unexpected any. Specify a different type.  @typescript-eslint/no-explicit-any
14:22  Error: Unexpected any. Specify a different type.  @typescript-eslint/no-explicit-any
34:14  Warning: 'error' is defined but never used.  @typescript-eslint/no-unused-vars

./src/components/customer/pages/Overview.tsx
4:72  Warning: 'Space' is defined but never used.  @typescript-eslint/no-unused-vars
10:10  Error: Unexpected any. Specify a different type.  @typescript-eslint/no-explicit-any

./src/components/customer/pages/PerformanceMonitor.tsx
5:27  Warning: 'LineChartOutlined' is defined but never used.  @typescript-eslint/no-unused-vars
11:23  Error: Unexpected any. Specify a different type.  @typescript-eslint/no-explicit-any

./src/components/customer/pages/RateLimiting.tsx
8:9  Warning: 'Option' is assigned a value but never used.  @typescript-eslint/no-unused-vars
11:15  Error: Unexpected any. Specify a different type.  @typescript-eslint/no-explicit-any
30:13  Warning: 'response' is assigned a value but never used.  @typescript-eslint/no-unused-vars
56:13  Warning: 'response' is assigned a value but never used.  @typescript-eslint/no-unused-vars
80:38  Warning: 'value' is defined but never used.  @typescript-eslint/no-unused-vars
267:24  Warning: '_' is defined but never used.  @typescript-eslint/no-unused-vars
267:27  Warning: 'record' is defined but never used.  @typescript-eslint/no-unused-vars

./src/components/customer/pages/ThreatIntelligence.tsx
7:16  Warning: 'Text' is assigned a value but never used.  @typescript-eslint/no-unused-vars
10:19  Error: Unexpected any. Specify a different type.  @typescript-eslint/no-explicit-any

./src/components/customer/pages/VulnerabilityScanner.tsx
5:94  Warning: 'ToolOutlined' is defined but never used.  @typescript-eslint/no-unused-vars
5:129  Warning: 'PlayCircleOutlined' is defined but never used.  @typescript-eslint/no-unused-vars
11:20  Error: Unexpected any. Specify a different type.  @typescript-eslint/no-explicit-any
26:9  Warning: 'highVulns' is assigned a value but never used.  @typescript-eslint/no-unused-vars
27:9  Warning: 'mediumVulns' is assigned a value but never used.  @typescript-eslint/no-unused-vars
28:9  Warning: 'lowVulns' is assigned a value but never used.  @typescript-eslint/no-unused-vars
38:13  Warning: 'response' is assigned a value but never used.  @typescript-eslint/no-unused-vars
71:13  Warning: 'response' is assigned a value but never used.  @typescript-eslint/no-unused-vars
96:9  Warning: 'getSeverityColor' is assigned a value but never used.  @typescript-eslint/no-unused-vars

./src/components/customer/pages/WebhookCenter.tsx
11:13  Error: Unexpected any. Specify a different type.  @typescript-eslint/no-explicit-any

./src/discovery/classifier.ts
13:3  Warning: 'classifyDataSensitivity' is defined but never used.  @typescript-eslint/no-unused-vars

./src/discovery/inventory.ts
8:3  Warning: 'APIId' is defined but never used.  @typescript-eslint/no-unused-vars
10:3  Warning: 'HTTPMethod' is defined but never used.  @typescript-eslint/no-unused-vars
16:3  Warning: 'createEndpointId' is defined but never used.  @typescript-eslint/no-unused-vars
281:24  Error: Unexpected any. Specify a different type.  @typescript-eslint/no-explicit-any
373:22  Error: Unexpected any. Specify a different type.  @typescript-eslint/no-explicit-any
379:22  Error: Unexpected any. Specify a different type.  @typescript-eslint/no-explicit-any
385:22  Error: Unexpected any. Specify a different type.  @typescript-eslint/no-explicit-any
389:18  Error: Unexpected any. Specify a different type.  @typescript-eslint/no-explicit-any
595:13  Warning: 'serviceName' is assigned a value but never used.  @typescript-eslint/no-unused-vars
713:71  Error: Unexpected any. Specify a different type.  @typescript-eslint/no-explicit-any
720:53  Error: Unexpected any. Specify a different type.  @typescript-eslint/no-explicit-any
720:66  Error: Unexpected any. Specify a different type.  @typescript-eslint/no-explicit-any

./src/discovery/scanner.ts
17:3  Warning: 'EndpointId' is defined but never used.  @typescript-eslint/no-unused-vars
23:3  Warning: 'SystemError' is defined but never used.  @typescript-eslint/no-unused-vars
194:27  Error: A `require()` style import is forbidden.  @typescript-eslint/no-require-imports
531:28  Warning: 'sourcePort' is assigned a value but never used.  @typescript-eslint/no-unused-vars
796:14  Warning: 'error' is defined but never used.  @typescript-eslint/no-unused-vars
810:32  Warning: 'tags' is assigned a value but never used.  @typescript-eslint/no-unused-vars

./src/infrastructure/database-extended.ts
58:16  Error: Unexpected any. Specify a different type.  @typescript-eslint/no-explicit-any
286:36  Error: Unexpected any. Specify a different type.  @typescript-eslint/no-explicit-any
298:37  Error: Unexpected any. Specify a different type.  @typescript-eslint/no-explicit-any
315:35  Error: Unexpected any. Specify a different type.  @typescript-eslint/no-explicit-any
328:34  Error: Unexpected any. Specify a different type.  @typescript-eslint/no-explicit-any
342:35  Error: Unexpected any. Specify a different type.  @typescript-eslint/no-explicit-any

./src/infrastructure/database.ts
8:3  Warning: 'APIId' is defined but never used.  @typescript-eslint/no-unused-vars
10:3  Warning: 'PolicyId' is defined but never used.  @typescript-eslint/no-unused-vars
11:3  Warning: 'ThreatId' is defined but never used.  @typescript-eslint/no-unused-vars
12:3  Warning: 'EvidenceId' is defined but never used.  @typescript-eslint/no-unused-vars
14:3  Warning: 'Policy' is defined but never used.  @typescript-eslint/no-unused-vars
16:3  Warning: 'ComplianceEvidence' is defined but never used.  @typescript-eslint/no-unused-vars
27:20  Error: Unexpected any. Specify a different type.  @typescript-eslint/no-explicit-any
51:27  Error: Unexpected any. Specify a different type.  @typescript-eslint/no-explicit-any
61:31  Error: Unexpected any. Specify a different type.  @typescript-eslint/no-explicit-any
117:82  Error: Unexpected any. Specify a different type.  @typescript-eslint/no-explicit-any
308:14  Error: Unexpected any. Specify a different type.  @typescript-eslint/no-explicit-any
328:36  Error: Unexpected any. Specify a different type.  @typescript-eslint/no-explicit-any
355:36  Error: Unexpected any. Specify a different type.  @typescript-eslint/no-explicit-any

./src/infrastructure/monitoring.ts
7:47  Warning: 'Summary' is defined but never used.  @typescript-eslint/no-unused-vars
14:3  Warning: 'SystemErrorCode' is defined but never used.  @typescript-eslint/no-unused-vars
379:19  Error: Unexpected any. Specify a different type.  @typescript-eslint/no-explicit-any
425:36  Error: Unexpected any. Specify a different type.  @typescript-eslint/no-explicit-any
429:36  Error: Unexpected any. Specify a different type.  @typescript-eslint/no-explicit-any
433:52  Error: Unexpected any. Specify a different type.  @typescript-eslint/no-explicit-any
437:37  Error: Unexpected any. Specify a different type.  @typescript-eslint/no-explicit-any
567:23  Error: A `require()` style import is forbidden.  @typescript-eslint/no-require-imports
787:19  Error: A `require()` style import is forbidden.  @typescript-eslint/no-require-imports
791:35  Error: Unexpected any. Specify a different type.  @typescript-eslint/no-explicit-any
791:45  Error: Unexpected any. Specify a different type.  @typescript-eslint/no-explicit-any
802:34  Error: Unexpected any. Specify a different type.  @typescript-eslint/no-explicit-any
802:44  Error: Unexpected any. Specify a different type.  @typescript-eslint/no-explicit-any

./src/lib/auth/config.ts
36:30  Warning: 'token' is defined but never used.  @typescript-eslint/no-unused-vars

./src/lib/db/supabase.ts
26:12  Error: Unexpected any. Specify a different type.  @typescript-eslint/no-explicit-any
38:12  Error: Unexpected any. Specify a different type.  @typescript-eslint/no-explicit-any

./src/lib/ml/threat-detector.ts
3:21  Error: Unexpected any. Specify a different type.  @typescript-eslint/no-explicit-any
20:52  Warning: 'pattern' is defined but never used.  @typescript-eslint/no-unused-vars
25:40  Error: Unexpected any. Specify a different type.  @typescript-eslint/no-explicit-any
25:54  Error: Unexpected any. Specify a different type.  @typescript-eslint/no-explicit-any
59:35  Error: Unexpected any. Specify a different type.  @typescript-eslint/no-explicit-any
83:42  Error: Unexpected any. Specify a different type.  @typescript-eslint/no-explicit-any
103:39  Error: Unexpected any. Specify a different type.  @typescript-eslint/no-explicit-any
112:38  Error: Unexpected any. Specify a different type.  @typescript-eslint/no-explicit-any

./src/lib/queue.ts
11:21  Warning: 'orgId' is assigned a value but never used.  @typescript-eslint/no-unused-vars
11:28  Warning: 'type' is assigned a value but never used.  @typescript-eslint/no-unused-vars
11:34  Warning: 'config' is assigned a value but never used.  @typescript-eslint/no-unused-vars
32:31  Error: Unexpected any. Specify a different type.  @typescript-eslint/no-explicit-any
40:48  Error: Unexpected any. Specify a different type.  @typescript-eslint/no-explicit-any

./src/lib/scanner/full-scanner-integration.ts
4:79  Warning: 'scanType' is defined but never used.  @typescript-eslint/no-unused-vars
83:30  Warning: 'code' is defined but never used.  @typescript-eslint/no-unused-vars

./src/lib/scanner/integration.ts
62:13  Warning: 'stdout' is assigned a value but never used.  @typescript-eslint/no-unused-vars

./src/lib/scanner/mock-scanner.ts
15:9  Error: 'results' is never reassigned. Use 'const' instead.  prefer-const
15:18  Error: Unexpected any. Specify a different type.  @typescript-eslint/no-explicit-any
19:80  Warning: '_' is defined but never used.  @typescript-eslint/no-unused-vars
19:83  Warning: 'i' is defined but never used.  @typescript-eslint/no-unused-vars

./src/lib/scanner/real-scanner.ts
4:67  Warning: 'scanType' is defined but never used.  @typescript-eslint/no-unused-vars

./src/lib/scanner/scanner-service.ts
147:18  Warning: 'e' is defined but never used.  @typescript-eslint/no-unused-vars

./src/lib/scanner/service.ts
4:67  Warning: 'scanType' is defined but never used.  @typescript-eslint/no-unused-vars
106:18  Warning: 'e' is defined but never used.  @typescript-eslint/no-unused-vars

./src/policy/compiler.ts
72:27  Error: Unexpected any. Specify a different type.  @typescript-eslint/no-explicit-any
193:32  Error: Unexpected any. Specify a different type.  @typescript-eslint/no-explicit-any
246:46  Error: Unexpected any. Specify a different type.  @typescript-eslint/no-explicit-any
280:36  Error: Unexpected any. Specify a different type.  @typescript-eslint/no-explicit-any
288:40  Error: Unexpected any. Specify a different type.  @typescript-eslint/no-explicit-any
644:37  Error: Unexpected any. Specify a different type.  @typescript-eslint/no-explicit-any
645:41  Error: Unexpected any. Specify a different type.  @typescript-eslint/no-explicit-any
679:41  Error: Unexpected any. Specify a different type.  @typescript-eslint/no-explicit-any
711:37  Error: Unexpected any. Specify a different type.  @typescript-eslint/no-explicit-any
712:41  Error: Unexpected any. Specify a different type.  @typescript-eslint/no-explicit-any
733:32  Error: Unexpected any. Specify a different type.  @typescript-eslint/no-explicit-any
769:40  Error: Unexpected any. Specify a different type.  @typescript-eslint/no-explicit-any
786:32  Error: Unexpected any. Specify a different type.  @typescript-eslint/no-explicit-any
789:38  Error: Unexpected any. Specify a different type.  @typescript-eslint/no-explicit-any
886:30  Error: Unexpected any. Specify a different type.  @typescript-eslint/no-explicit-any

./src/policy/enforcement.ts
4:3  Warning: 'PolicyId' is defined but never used.  @typescript-eslint/no-unused-vars
11:3  Warning: 'ThreatId' is defined but never used.  @typescript-eslint/no-unused-vars
12:3  Warning: 'ComplianceEvidence' is defined but never used.  @typescript-eslint/no-unused-vars
13:3  Warning: 'EvidenceId' is defined but never used.  @typescript-eslint/no-unused-vars
14:3  Warning: 'ThreatEvent' is defined but never used.  @typescript-eslint/no-unused-vars
48:50  Error: Unexpected any. Specify a different type.  @typescript-eslint/no-explicit-any
51:34  Error: Unexpected any. Specify a different type.  @typescript-eslint/no-explicit-any
54:34  Error: Unexpected any. Specify a different type.  @typescript-eslint/no-explicit-any
57:35  Error: Unexpected any. Specify a different type.  @typescript-eslint/no-explicit-any
63:43  Error: Unexpected any. Specify a different type.  @typescript-eslint/no-explicit-any
68:34  Error: Unexpected any. Specify a different type.  @typescript-eslint/no-explicit-any
152:5  Warning: 'context' is defined but never used.  @typescript-eslint/no-unused-vars
244:9  Error: 'state' is never reassigned. Use 'const' instead.  prefer-const
299:45  Error: Unexpected any. Specify a different type.  @typescript-eslint/no-explicit-any
396:47  Error: Unexpected any. Specify a different type.  @typescript-eslint/no-explicit-any
428:45  Error: Unexpected any. Specify a different type.  @typescript-eslint/no-explicit-any
442:34  Error: Unexpected any. Specify a different type.  @typescript-eslint/no-explicit-any
443:20  Error: A `require()` style import is forbidden.  @typescript-eslint/no-require-imports
447:35  Error: Unexpected any. Specify a different type.  @typescript-eslint/no-explicit-any
448:20  Error: A `require()` style import is forbidden.  @typescript-eslint/no-require-imports
477:14  Warning: 'error' is defined but never used.  @typescript-eslint/no-unused-vars
484:32  Warning: 'ip' is defined but never used.  @typescript-eslint/no-unused-vars
484:53  Error: Unexpected any. Specify a different type.  @typescript-eslint/no-explicit-any

./src/policy/engine.ts
10:3  Warning: 'EndpointId' is defined but never used.  @typescript-eslint/no-unused-vars
16:3  Warning: 'PolicyCondition' is defined but never used.  @typescript-eslint/no-unused-vars
20:3  Warning: 'SystemError' is defined but never used.  @typescript-eslint/no-unused-vars
143:48  Error: Unexpected any. Specify a different type.  @typescript-eslint/no-explicit-any
146:15  Warning: 'highestPriorityAction' is assigned a value but never used.  @typescript-eslint/no-unused-vars
382:65  Warning: 'context' is defined but never used.  @typescript-eslint/no-unused-vars
407:64  Warning: 'context' is defined but never used.  @typescript-eslint/no-unused-vars
421:13  Warning: 'windowStart' is assigned a value but never used.  @typescript-eslint/no-unused-vars
565:44  Error: Unexpected any. Specify a different type.  @typescript-eslint/no-explicit-any
601:45  Error: Unexpected any. Specify a different type.  @typescript-eslint/no-explicit-any
631:26  Warning: 'searchResults' is assigned a value but never used.  @typescript-eslint/no-unused-vars
797:29  Error: Unexpected any. Specify a different type.  @typescript-eslint/no-explicit-any
815:29  Error: Unexpected any. Specify a different type.  @typescript-eslint/no-explicit-any
828:29  Error: Unexpected any. Specify a different type.  @typescript-eslint/no-explicit-any
831:40  Error: Unexpected any. Specify a different type.  @typescript-eslint/no-explicit-any
836:39  Error: Unexpected any. Specify a different type.  @typescript-eslint/no-explicit-any
885:44  Error: Unexpected any. Specify a different type.  @typescript-eslint/no-explicit-any
891:14  Warning: 'error' is defined but never used.  @typescript-eslint/no-unused-vars

./src/security/threats.ts
44:50  Error: Unexpected any. Specify a different type.  @typescript-eslint/no-explicit-any
47:34  Error: Unexpected any. Specify a different type.  @typescript-eslint/no-explicit-any
50:34  Error: Unexpected any. Specify a different type.  @typescript-eslint/no-explicit-any
298:42  Warning: 'trainingData' is defined but never used.  @typescript-eslint/no-unused-vars
298:56  Error: Unexpected any. Specify a different type.  @typescript-eslint/no-explicit-any

./src/services/auth/UserAuthService.ts
237:35  Error: Unexpected any. Specify a different type.  @typescript-eslint/no-explicit-any
252:41  Error: Unexpected any. Specify a different type.  @typescript-eslint/no-explicit-any

./src/services/enterprise/api-discovery.ts
11:86  Warning: 'headers' is defined but never used.  @typescript-eslint/no-unused-vars
11:119  Warning: 'responseTime' is defined but never used.  @typescript-eslint/no-unused-vars
11:141  Warning: 'statusCode' is defined but never used.  @typescript-eslint/no-unused-vars

./src/services/enterprise/bot-detection.ts
11:79  Warning: 'requestPath' is defined but never used.  @typescript-eslint/no-unused-vars
11:100  Warning: 'headers' is defined but never used.  @typescript-eslint/no-unused-vars
34:33  Error: Unexpected any. Specify a different type.  @typescript-eslint/no-explicit-any
60:21  Warning: 'tenantId' is defined but never used.  @typescript-eslint/no-unused-vars

./src/services/enterprise/compliance-monitor.ts
19:32  Error: Unexpected any. Specify a different type.  @typescript-eslint/no-explicit-any
25:13  Error: Unexpected any. Specify a different type.  @typescript-eslint/no-explicit-any
46:13  Error: Unexpected any. Specify a different type.  @typescript-eslint/no-explicit-any
290:60  Error: Unexpected any. Specify a different type.  @typescript-eslint/no-explicit-any
312:49  Error: Unexpected any. Specify a different type.  @typescript-eslint/no-explicit-any
325:64  Error: Unexpected any. Specify a different type.  @typescript-eslint/no-explicit-any
346:53  Error: Unexpected any. Specify a different type.  @typescript-eslint/no-explicit-any
360:73  Error: Unexpected any. Specify a different type.  @typescript-eslint/no-explicit-any
369:78  Error: Unexpected any. Specify a different type.  @typescript-eslint/no-explicit-any
382:53  Error: Unexpected any. Specify a different type.  @typescript-eslint/no-explicit-any
409:54  Error: Unexpected any. Specify a different type.  @typescript-eslint/no-explicit-any
415:65  Error: Unexpected any. Specify a different type.  @typescript-eslint/no-explicit-any
427:64  Error: Unexpected any. Specify a different type.  @typescript-eslint/no-explicit-any
444:53  Error: Unexpected any. Specify a different type.  @typescript-eslint/no-explicit-any
448:48  Error: Unexpected any. Specify a different type.  @typescript-eslint/no-explicit-any
475:50  Error: Unexpected any. Specify a different type.  @typescript-eslint/no-explicit-any
481:64  Error: Unexpected any. Specify a different type.  @typescript-eslint/no-explicit-any
502:55  Error: Unexpected any. Specify a different type.  @typescript-eslint/no-explicit-any
508:62  Error: Unexpected any. Specify a different type.  @typescript-eslint/no-explicit-any
532:59  Error: Unexpected any. Specify a different type.  @typescript-eslint/no-explicit-any
538:65  Error: Unexpected any. Specify a different type.  @typescript-eslint/no-explicit-any
549:64  Error: Unexpected any. Specify a different type.  @typescript-eslint/no-explicit-any
566:57  Error: Unexpected any. Specify a different type.  @typescript-eslint/no-explicit-any
592:53  Error: Unexpected any. Specify a different type.  @typescript-eslint/no-explicit-any
596:53  Error: Unexpected any. Specify a different type.  @typescript-eslint/no-explicit-any
602:65  Error: Unexpected any. Specify a different type.  @typescript-eslint/no-explicit-any
610:65  Error: Unexpected any. Specify a different type.  @typescript-eslint/no-explicit-any
658:59  Error: Unexpected any. Specify a different type.  @typescript-eslint/no-explicit-any

./src/services/enterprise/custom-rules-engine.ts
11:23  Warning: 'tenantId' is defined but never used.  @typescript-eslint/no-unused-vars
11:41  Warning: 'context' is defined but never used.  @typescript-eslint/no-unused-vars
11:50  Error: Unexpected any. Specify a different type.  @typescript-eslint/no-explicit-any
24:22  Warning: 'tenantId' is defined but never used.  @typescript-eslint/no-unused-vars

./src/services/enterprise/performance-monitor.ts
11:48  Error: Unexpected any. Specify a different type.  @typescript-eslint/no-explicit-any
16:31  Warning: 'tenantId' is defined but never used.  @typescript-eslint/no-unused-vars

./src/services/enterprise/threat-intelligence.ts
1:10  Warning: 'extendedDatabase' is defined but never used.  @typescript-eslint/no-unused-vars
13:110  Error: Unexpected any. Specify a different type.  @typescript-eslint/no-explicit-any

./src/services/enterprise/webhook-engine.ts
11:68  Error: Unexpected any. Specify a different type.  @typescript-eslint/no-explicit-any
15:70  Error: Unexpected any. Specify a different type.  @typescript-eslint/no-explicit-any

info  - Need to disable some ESLint rules? Learn more here: https://nextjs.org/docs/app/api-reference/config/eslint#disabling-rules
npm error Lifecycle script `build` failed with error:
npm error code 1
npm error path /home/aigov/governapi-restored/apps/dashboard
npm error workspace dashboard@0.1.0
npm error location /home/aigov/governapi-restored/apps/dashboard
npm error command failed
npm error command sh -c next build
