
> dashboard@0.1.0 build
> next build

 ⚠ outputFileTracingRoot should be absolute, using: /home/aigov/governapi-restored
   ▲ Next.js 15.5.2
   - Environments: .env.local

   Creating an optimized production build ...
 ✓ Compiled successfully in 15.9s
   Linting and checking validity of types ...
 ⨯ ESLint: Failed to load plugin '@next/next' declared in ' » eslint-config-next/core-web-vitals » /home/aigov/governapi-restored/node_modules/eslint-config-next/index.js': Cannot find module '@next/eslint-plugin-next' Require stack: - /home/aigov/governapi-restored/apps/dashboard/__placeholder__.js Referenced from: /home/aigov/governapi-restored/node_modules/eslint-config-next/index.js
Failed to compile.

./index.ts:155:28
Type error: Argument of type '{ reason: string; until: number; timestamp: string; threats: string[]; duration: number; }' is not assignable to parameter of type 'string'.

[0m [90m 153 |[39m     }
 [90m 154 |[39m     
[31m[1m>[22m[39m[90m 155 |[39m     [36mawait[39m setBlockedIP(ip[33m,[39m blockData)
 [90m     |[39m                            [31m[1m^[22m[39m
 [90m 156 |[39m   }
 [90m 157 |[39m
 [90m 158 |[39m   [36masync[39m isBlocked(ip[33m:[39m string)[33m:[39m [33mPromise[39m[33m<[39m[33mboolean[39m[33m>[39m {[0m
Next.js build worker exited with code: 1 and signal: null
npm error Lifecycle script `build` failed with error:
npm error code 1
npm error path /home/aigov/governapi-restored/apps/dashboard
npm error workspace dashboard@0.1.0
npm error location /home/aigov/governapi-restored/apps/dashboard
npm error command failed
npm error command sh -c next build
